\BOOKMARK [2][-]{section*.1}{Preface}{}
\BOOKMARK [1][-]{section.1}{Introduction}{}
\BOOKMARK [1][-]{section.2}{Power Grid}{}
\BOOKMARK [2][-]{subsection.2.1}{Evolution of the Smart grid}{section.2}
\BOOKMARK [1][-]{section.3}{Hilbert-Huang Transformation}{}
\BOOKMARK [1][-]{section.4}{Artificial Neural Networks}{}
\BOOKMARK [2][-]{subsection.4.1}{General Regression Neural Network and the Radial Basis Function}{section.4}
\BOOKMARK [1][-]{section.5}{Discussion}{}
\BOOKMARK [2][-]{subsection.5.1}{Power Grid}{section.5}
\BOOKMARK [2][-]{subsection.5.2}{Python}{section.5}
\BOOKMARK [2][-]{subsection.5.3}{Hilbert-Huang Transform}{section.5}
\BOOKMARK [2][-]{subsection.5.4}{Prediction}{section.5}
\BOOKMARK [1][-]{section.6}{Results}{}
\BOOKMARK [1][-]{section.7}{Conclusion}{}
\BOOKMARK [1][-]{section.8}{Future Work}{}
\BOOKMARK [1][-]{section.9}{Project evaluation}{}
\BOOKMARK [1][-]{appendix.A}{Systematic Literary Review}{}
\BOOKMARK [2][-]{subsection.A.1}{Sources}{appendix.A}
\BOOKMARK [2][-]{subsection.A.2}{Search Terms}{appendix.A}
\BOOKMARK [2][-]{subsection.A.3}{Research Questions}{appendix.A}
\BOOKMARK [2][-]{subsection.A.4}{Inclusion Criteria}{appendix.A}
\BOOKMARK [2][-]{subsection.A.5}{Quality Assessment}{appendix.A}
\BOOKMARK [2][-]{subsection.A.6}{SLR Results}{appendix.A}
\BOOKMARK [3][-]{subsubsection.A.6.1}{Literature Found}{subsection.A.6}
\BOOKMARK [3][-]{subsubsection.A.6.2}{Description of Articles}{subsection.A.6}
\BOOKMARK [3][-]{subsubsection.A.6.3}{Summary}{subsection.A.6}
