This is pdfTeX, Version 3.1415926-1.40.10 (TeX Live 2009/Debian) (format=pdflatex 2012.9.28)  2 NOV 2012 17:08
entering extended mode
 %&-line parsing enabled.
**SLR.tex
(./SLR.tex
LaTeX2e <2009/09/24>
Babel <v3.8l> and hyphenation patterns for english, usenglishmax, dumylang, noh
yphenation, loaded.
(/usr/share/texmf-texlive/tex/latex/base/article.cls
Document Class: article 2007/10/19 v1.4h Standard LaTeX document class
(/usr/share/texmf-texlive/tex/latex/base/size12.clo
File: size12.clo 2007/10/19 v1.4h Standard LaTeX file (size option)
)
\c@part=\count79
\c@section=\count80
\c@subsection=\count81
\c@subsubsection=\count82
\c@paragraph=\count83
\c@subparagraph=\count84
\c@figure=\count85
\c@table=\count86
\abovecaptionskip=\skip41
\belowcaptionskip=\skip42
\bibindent=\dimen102
) (./SLR.aux)
\openout1 = `SLR.aux'.

LaTeX Font Info:    Checking defaults for OML/cmm/m/it on input line 3.
LaTeX Font Info:    ... okay on input line 3.
LaTeX Font Info:    Checking defaults for T1/cmr/m/n on input line 3.
LaTeX Font Info:    ... okay on input line 3.
LaTeX Font Info:    Checking defaults for OT1/cmr/m/n on input line 3.
LaTeX Font Info:    ... okay on input line 3.
LaTeX Font Info:    Checking defaults for OMS/cmsy/m/n on input line 3.
LaTeX Font Info:    ... okay on input line 3.
LaTeX Font Info:    Checking defaults for OMX/cmex/m/n on input line 3.
LaTeX Font Info:    ... okay on input line 3.
LaTeX Font Info:    Checking defaults for U/cmr/m/n on input line 3.
LaTeX Font Info:    ... okay on input line 3.
LaTeX Font Info:    External font `cmex10' loaded for size
(Font)              <12> on input line 18.
LaTeX Font Info:    External font `cmex10' loaded for size
(Font)              <8> on input line 18.
LaTeX Font Info:    External font `cmex10' loaded for size
(Font)              <6> on input line 18.

Underfull \hbox (badness 10000) in paragraph at lines 40--40
[]\OT1/cmr/m/n/12 Hilbert Huang
 []


Overfull \hbox (82.51021pt too wide) detected at line 50
\OT1/cmr/m/n/12 ([\OML/cmm/m/it/12 G\OT1/cmr/m/n/12 1\OML/cmm/m/it/12 ; T\OT1/c
mr/m/n/12 1] \OMS/cmsy/m/n/12 _ \OT1/cmr/m/n/12 [\OML/cmm/m/it/12 G\OT1/cmr/m/n
/12 1\OML/cmm/m/it/12 ; T\OT1/cmr/m/n/12 2]) \OMS/cmsy/m/n/12 ^ \OT1/cmr/m/n/12
 ([\OML/cmm/m/it/12 G\OT1/cmr/m/n/12 2\OML/cmm/m/it/12 ; T\OT1/cmr/m/n/12 1] \O
MS/cmsy/m/n/12 _ \OT1/cmr/m/n/12 [\OML/cmm/m/it/12 G\OT1/cmr/m/n/12 2\OML/cmm/m
/it/12 ; T\OT1/cmr/m/n/12 2] \OMS/cmsy/m/n/12 _ \OT1/cmr/m/n/12 [\OML/cmm/m/it/
12 G\OT1/cmr/m/n/12 2\OML/cmm/m/it/12 ; T\OT1/cmr/m/n/12 3]) \OMS/cmsy/m/n/12 ^
 \OT1/cmr/m/n/12 ([\OML/cmm/m/it/12 G\OT1/cmr/m/n/12 3\OML/cmm/m/it/12 ; T\OT1/
cmr/m/n/12 1]) \OMS/cmsy/m/n/12 ^ \OT1/cmr/m/n/12 ([\OML/cmm/m/it/12 G\OT1/cmr/
m/n/12 4\OML/cmm/m/it/12 ; T\OT1/cmr/m/n/12 1] \OMS/cmsy/m/n/12 _ \OT1/cmr/m/n/
12 [\OML/cmm/m/it/12 G\OT1/cmr/m/n/12 4\OML/cmm/m/it/12 ; T\OT1/cmr/m/n/12 2] \
OMS/cmsy/m/n/12 _ \OT1/cmr/m/n/12 [\OML/cmm/m/it/12 G\OT1/cmr/m/n/12 4\OML/cmm/
m/it/12 ; T\OT1/cmr/m/n/12 3])
 []

[1

{/var/lib/texmf/fonts/map/pdftex/updmap/pdftex.map}]

LaTeX Warning: `h' float specifier changed to `ht'.

[2]

LaTeX Warning: `h' float specifier changed to `ht'.


LaTeX Warning: `h' float specifier changed to `ht'.

[3] [4] [5] [6] (./SLR.bbl
Missing character: There is no â in font cmti12!
Missing character: There is no € in font cmti12!
Missing character: There is no “ in font cmti12!
) [7] (./SLR.aux) ) 
Here is how much of TeX's memory you used:
 253 strings out of 495061
 2703 string characters out of 1182621
 57097 words of memory out of 3000000
 3502 multiletter control sequences out of 15000+50000
 8241 words of font info for 29 fonts, out of 3000000 for 9000
 28 hyphenation exceptions out of 8191
 22i,10n,19p,489b,225s stack positions out of 5000i,500n,10000p,200000b,50000s
</usr/share/texmf-texlive/fonts/type1/public/amsfonts/cm/cmb
x12.pfb></usr/share/texmf-texlive/fonts/type1/public/amsfonts/cm/cmmi12.pfb></u
sr/share/texmf-texlive/fonts/type1/public/amsfonts/cm/cmr12.pfb></usr/share/tex
mf-texlive/fonts/type1/public/amsfonts/cm/cmsy10.pfb></usr/share/texmf-texlive/
fonts/type1/public/amsfonts/cm/cmti12.pfb>
Output written on SLR.pdf (7 pages, 84265 bytes).
PDF statistics:
 46 PDF objects out of 1000 (max. 8388607)
 0 named destinations out of 1000 (max. 500000)
 1 words of extra memory for PDF output out of 10000 (max. 10000000)

